<?xml version="1.0" encoding="UTF-8"?>
<!-- Generated by org.testng.reporters.JUnitXMLReporter -->
<testsuite hostname="WL363338" ignored="1" name="Default test(failed)" tests="1" failures="1" timestamp="2021-02-25T17:29:16 IST" time="32.146" errors="0">
  <testcase name="checkFlights" time="29.63" classname="testClasses.TicketBookingTest">
    <failure type="java.lang.AssertionError" message="expected [Cheap Air Tickets Online, International Flights to India, Cheap International Flight Deals | SpiceJet Airlines nikhil] but found [Cheap Air Tickets Online, International Flights to India, Cheap International Flight Deals | SpiceJet Airlines]">
      <![CDATA[java.lang.AssertionError: expected [Cheap Air Tickets Online, International Flights to India, Cheap International Flight Deals | SpiceJet Airlines nikhil] but found [Cheap Air Tickets Online, International Flights to India, Cheap International Flight Deals | SpiceJet Airlines]
at pageClasses.FlightsListPage.checkPageLoading(FlightsListPage.java:23)
at testClasses.TicketBookingTest.checkFlights(TicketBookingTest.java:31)
at java.util.ArrayList.forEach(ArrayList.java:1257)
... Removed 28 stack frames]]>
    </failure>
  </testcase> <!-- checkFlights -->
  <testcase name="testTestCase" time="0.0" classname="testClasses.TicketBookingTest">
    <ignored/>
  </testcase> <!-- testTestCase -->
</testsuite> <!-- Default test(failed) -->
