<?xml version="1.0" encoding="UTF-8"?>
<!-- Generated by org.testng.reporters.JUnitXMLReporter -->
<testsuite hostname="WL363338" ignored="1" name="Default test" tests="1" failures="0" timestamp="2021-02-24T12:44:52 IST" time="39.825" errors="0">
  <testcase name="checkFlights" time="37.908" classname="testClasses.TicketBookingTest"/>
  <testcase name="testTestCase" time="0.0" classname="testClasses.TicketBookingTest">
    <ignored/>
  </testcase> <!-- testTestCase -->
</testsuite> <!-- Default test -->
