<?xml version="1.0" encoding="UTF-8"?>
<!-- Generated by org.testng.reporters.JUnitXMLReporter -->
<testsuite hostname="WL363338" ignored="1" name="Test" tests="2" failures="0" timestamp="2021-02-25T11:25:32 IST" time="51.048" errors="0">
  <testcase name="checkFlights" time="30.848" classname="testClasses.TicketBookingTest"/>
  <testcase name="openFacebookPage" time="17.941" classname="testClasses.SpiceScreenTest"/>
  <testcase name="testTestCase" time="0.0" classname="testClasses.TicketBookingTest">
    <ignored/>
  </testcase> <!-- testTestCase -->
</testsuite> <!-- Test -->
