<?xml version="1.0" encoding="UTF-8"?>
<!-- Generated by org.testng.reporters.JUnitXMLReporter -->
<testsuite hostname="WL363338" ignored="1" name="Test" tests="2" failures="0" timestamp="2021-02-25T11:22:29 IST" time="56.608" errors="0">
  <testcase name="checkFlights" time="33.7" classname="testClasses.TicketBookingTest"/>
  <testcase name="openFacebookPage" time="20.608" classname="testClasses.SpiceScreenTest"/>
  <testcase name="testTestCase" time="0.0" classname="testClasses.TicketBookingTest">
    <ignored/>
  </testcase> <!-- testTestCase -->
</testsuite> <!-- Test -->
