<?xml version="1.0" encoding="UTF-8"?>
<!-- Generated by org.testng.reporters.JUnitXMLReporter -->
<testsuite hostname="WL363338" ignored="0" name="Test" tests="3" failures="0" timestamp="2021-02-28T12:00:34 IST" time="82.657" errors="0">
  <testcase name="checkFlights" time="34.101" classname="testClasses.TicketBookingTest"/>
  <testcase name="testTestCase" time="22.894" classname="testClasses.TicketBookingTest"/>
  <testcase name="openFacebookPage" time="21.797" classname="testClasses.SpiceScreenTest"/>
</testsuite> <!-- Test -->
