<?xml version="1.0" encoding="UTF-8"?>
<testng-results skipped="0" failed="0" ignored="1" total="3" passed="2">
  <reporter-output>
  </reporter-output>
  <suite name="Suite" duration-ms="56608" started-at="2021-02-25T11:21:32 IST" finished-at="2021-02-25T11:22:29 IST">
    <groups>
    </groups>
    <test name="Test" duration-ms="56608" started-at="2021-02-25T11:21:32 IST" finished-at="2021-02-25T11:22:29 IST">
      <class name="testClasses.SpiceScreenTest">
        <test-method status="PASS" signature="openFacebookPage()[pri:0, instance:testClasses.SpiceScreenTest@43301423]" name="openFacebookPage" duration-ms="20608" started-at="2021-02-25T11:22:08 IST" finished-at="2021-02-25T11:22:28 IST">
          <reporter-output>
          </reporter-output>
        </test-method> <!-- openFacebookPage -->
        <test-method status="PASS" signature="tearDown()[pri:0, instance:testClasses.SpiceScreenTest@43301423]" name="tearDown" is-config="true" duration-ms="762" started-at="2021-02-25T11:22:28 IST" finished-at="2021-02-25T11:22:29 IST">
          <reporter-output>
          </reporter-output>
        </test-method> <!-- tearDown -->
      </class> <!-- testClasses.SpiceScreenTest -->
      <class name="testClasses.TicketBookingTest">
        <test-method status="PASS" signature="checkFlights(java.util.TreeMap)[pri:1, instance:testClasses.TicketBookingTest@3c9d0b9d]" name="checkFlights" duration-ms="33700" started-at="2021-02-25T11:21:33 IST" data-provider="getCheckFlightsData" finished-at="2021-02-25T11:22:06 IST">
          <params>
            <param index="0">
              <value>
                <![CDATA[{DepartDate=22-02-2021, FromCity=Pune, ReturnDate=22-02-2021, RunTestCase=Yes, ToCity=Goa}]]>
              </value>
            </param>
          </params>
          <reporter-output>
          </reporter-output>
        </test-method> <!-- checkFlights -->
        <test-method status="PASS" signature="tearDown()[pri:0, instance:testClasses.TicketBookingTest@3c9d0b9d]" name="tearDown" is-config="true" duration-ms="1031" started-at="2021-02-25T11:22:06 IST" finished-at="2021-02-25T11:22:08 IST">
          <reporter-output>
          </reporter-output>
        </test-method> <!-- tearDown -->
      </class> <!-- testClasses.TicketBookingTest -->
    </test> <!-- Test -->
  </suite> <!-- Suite -->
</testng-results>
