<?xml version="1.0" encoding="UTF-8"?>
<testng-results skipped="0" failed="0" ignored="1" total="2" passed="1">
  <reporter-output>
  </reporter-output>
  <suite name="Suite" duration-ms="23482" started-at="2021-02-24T13:44:59 IST" finished-at="2021-02-24T13:45:22 IST">
    <groups>
    </groups>
    <test name="Test" duration-ms="23482" started-at="2021-02-24T13:44:59 IST" finished-at="2021-02-24T13:45:22 IST">
      <class name="testClasses.TicketBookingTest">
        <test-method status="PASS" signature="checkFlights(java.util.TreeMap)[pri:1, instance:testClasses.TicketBookingTest@3c9d0b9d]" name="checkFlights" duration-ms="21484" started-at="2021-02-24T13:45:00 IST" data-provider="getCheckFlightsData" finished-at="2021-02-24T13:45:21 IST">
          <params>
            <param index="0">
              <value>
                <![CDATA[{DepartDate=22-02-2021, FromCity=Pune, ReturnDate=22-02-2021, RunTestCase=Yes, ToCity=Goa}]]>
              </value>
            </param>
          </params>
          <reporter-output>
          </reporter-output>
        </test-method> <!-- checkFlights -->
        <test-method status="PASS" signature="tearDown()[pri:0, instance:testClasses.TicketBookingTest@3c9d0b9d]" name="tearDown" is-config="true" duration-ms="1256" started-at="2021-02-24T13:45:21 IST" finished-at="2021-02-24T13:45:22 IST">
          <reporter-output>
          </reporter-output>
        </test-method> <!-- tearDown -->
      </class> <!-- testClasses.TicketBookingTest -->
    </test> <!-- Test -->
  </suite> <!-- Suite -->
</testng-results>
