<?xml version="1.0" encoding="UTF-8"?>
<testsuite xmlns:xsi="http://www.w3.org/2001/XMLSchema-instance" xsi:noNamespaceSchemaLocation="https://maven.apache.org/surefire/maven-surefire-plugin/xsd/surefire-test-report.xsd" name="TestSuite" time="83.856" tests="3" errors="0" skipped="0" failures="0">
  <properties>
[...]
</properties>
  <testcase name="checkFlights" classname="testClasses.TicketBookingTest" time="34.107"/>
  <testcase name="testTestCase" classname="testClasses.TicketBookingTest" time="22.893"/>
  <testcase name="openFacebookPage" classname="testClasses.SpiceScreenTest" time="21.797"/>
</testsuite>