<?xml version="1.0" encoding="UTF-8"?>
<testng-results skipped="0" failed="0" ignored="1" total="2" passed="1">
  <reporter-output>
  </reporter-output>
  <suite name="Default suite" duration-ms="39825" started-at="2021-02-24T12:44:12 IST" finished-at="2021-02-24T12:44:52 IST">
    <groups>
    </groups>
    <test name="Default test" duration-ms="39825" started-at="2021-02-24T12:44:12 IST" finished-at="2021-02-24T12:44:52 IST">
      <class name="testClasses.TicketBookingTest">
        <test-method status="PASS" signature="checkFlights(java.util.TreeMap)[pri:1, instance:testClasses.TicketBookingTest@654f0d9c]" name="checkFlights" duration-ms="37908" started-at="2021-02-24T12:44:13 IST" data-provider="getCheckFlightsData" finished-at="2021-02-24T12:44:51 IST">
          <params>
            <param index="0">
              <value>
                <![CDATA[{DepartDate=22-02-2021, FromCity=Pune, ReturnDate=22-02-2021, RunTestCase=Yes, ToCity=Goa}]]>
              </value>
            </param>
          </params>
          <reporter-output>
          </reporter-output>
        </test-method> <!-- checkFlights -->
        <test-method status="PASS" signature="tearDown()[pri:0, instance:testClasses.TicketBookingTest@654f0d9c]" name="tearDown" is-config="true" duration-ms="1159" started-at="2021-02-24T12:44:51 IST" finished-at="2021-02-24T12:44:52 IST">
          <reporter-output>
          </reporter-output>
        </test-method> <!-- tearDown -->
      </class> <!-- testClasses.TicketBookingTest -->
    </test> <!-- Default test -->
  </suite> <!-- Default suite -->
</testng-results>
